2018-10-18 15:20:50.878  INFO 7608 --- [main] c.lwt.qmqiu_sps1.QmqiuSps1ApplicationKt  : Starting QmqiuSps1ApplicationKt on SKY-20180417LLT with PID 7608 (D:\qmqiu_sp_githup\out\production\classes started by Administrator in D:\qmqiu_sp_githup)
2018-10-18 15:20:50.881  INFO 7608 --- [main] c.lwt.qmqiu_sps1.QmqiuSps1ApplicationKt  : No active profile set, falling back to default profiles: default
2018-10-18 15:20:50.929  INFO 7608 --- [main] ConfigServletWebServerApplicationContext : Refreshing org.springframework.boot.web.servlet.context.AnnotationConfigServletWebServerApplicationContext@4ddced80: startup date [Thu Oct 18 15:20:50 CST 2018]; root of context hierarchy
2018-10-18 15:20:52.245  INFO 7608 --- [main] o.s.b.w.embedded.tomcat.TomcatWebServer  : Tomcat initialized with port(s): 9898 (http)
2018-10-18 15:20:52.259  INFO 7608 --- [main] o.apache.catalina.core.StandardService   : Starting service [Tomcat]
2018-10-18 15:20:52.259  INFO 7608 --- [main] org.apache.catalina.core.StandardEngine  : Starting Servlet Engine: Apache Tomcat/8.5.34
2018-10-18 15:20:52.262  INFO 7608 --- [localhost-startStop-1] o.a.catalina.core.AprLifecycleListener   : The APR based Apache Tomcat Native library which allows optimal performance in production environments was not found on the java.library.path: [C:\Program Files\Java\jdk1.8.0_171\bin;C:\Windows\Sun\Java\bin;C:\Windows\system32;C:\Windows;C:\Program Files (x86)\Common Files\Oracle\Java\javapath;C:\Windows\system32;C:\Windows;C:\Windows\System32\Wbem;C:\Windows\System32\WindowsPowerShell\v1.0\;C:\Program Files\TortoiseSVN\bin;C:\Program Files\Java\jdk1.8.0_171\bin;C:\Program Files\Java\jdk1.8.0_171\jre\bin;D:\sdk\platform-tools;C:\Program Files\dotnet\;C:\Users\Administrator\AppData\Local\Tesseract-OCR;C:\Users\Administrator\AppData\Local\Tesseract-OCR\tessdata;C:\Program Files\nodejs\;C:\Program Files (x86)\WinPcap;C:\Program Files\PuTTY\;C:\Program Files\MongoDB\Server\3.6\bin;D:\flutter_windows_v0.5.1-beta\flutter\bin;C:\Program Files\Git\cmd;C:\Users\Administrator\AppData\Local\Programs\Python\Python36\Scripts\;C:\Users\Administrator\AppData\Local\Programs\Python\Python36\;C:\Program Files\Microsoft VS Code\bin;C:\Users\Administrator\AppData\Roaming\npm;.]
2018-10-18 15:20:52.345  INFO 7608 --- [localhost-startStop-1] o.a.c.c.C.[Tomcat].[localhost].[/api]    : Initializing Spring embedded WebApplicationContext
2018-10-18 15:20:52.345  INFO 7608 --- [localhost-startStop-1] o.s.web.context.ContextLoader            : Root WebApplicationContext: initialization completed in 1416 ms
2018-10-18 15:20:52.391  INFO 7608 --- [localhost-startStop-1] o.s.b.w.servlet.ServletRegistrationBean  : Servlet dispatcherServlet mapped to [/]
2018-10-18 15:20:52.394  INFO 7608 --- [localhost-startStop-1] o.s.b.w.servlet.FilterRegistrationBean   : Mapping filter: 'characterEncodingFilter' to: [/*]
2018-10-18 15:20:52.394  INFO 7608 --- [localhost-startStop-1] o.s.b.w.servlet.FilterRegistrationBean   : Mapping filter: 'hiddenHttpMethodFilter' to: [/*]
2018-10-18 15:20:52.394  INFO 7608 --- [localhost-startStop-1] o.s.b.w.servlet.FilterRegistrationBean   : Mapping filter: 'httpPutFormContentFilter' to: [/*]
2018-10-18 15:20:52.394  INFO 7608 --- [localhost-startStop-1] o.s.b.w.servlet.FilterRegistrationBean   : Mapping filter: 'requestContextFilter' to: [/*]
2018-10-18 15:20:52.936  INFO 7608 --- [main] org.mongodb.driver.cluster               : Cluster created with settings {hosts=[127.0.0.1:27017], mode=MULTIPLE, requiredClusterType=UNKNOWN, serverSelectionTimeout='30000 ms', maxWaitQueueSize=500}
2018-10-18 15:20:52.936  INFO 7608 --- [main] org.mongodb.driver.cluster               : Adding discovered server 127.0.0.1:27017 to client view of cluster
2018-10-18 15:20:52.971  INFO 7608 --- [cluster-ClusterId{value='5bc8345478ea311db8245839', description='null'}-127.0.0.1:27017] org.mongodb.driver.connection            : Opened connection [connectionId{localValue:1, serverValue:10}] to 127.0.0.1:27017
2018-10-18 15:20:52.974  INFO 7608 --- [cluster-ClusterId{value='5bc8345478ea311db8245839', description='null'}-127.0.0.1:27017] org.mongodb.driver.cluster               : Monitor thread successfully connected to server with description ServerDescription{address=127.0.0.1:27017, type=STANDALONE, state=CONNECTED, ok=true, version=ServerVersion{versionList=[3, 6, 5]}, minWireVersion=0, maxWireVersion=6, maxDocumentSize=16777216, logicalSessionTimeoutMinutes=30, roundTripTimeNanos=1918470}
2018-10-18 15:20:52.974  INFO 7608 --- [cluster-ClusterId{value='5bc8345478ea311db8245839', description='null'}-127.0.0.1:27017] org.mongodb.driver.cluster               : Discovered cluster type of STANDALONE
2018-10-18 15:20:53.275  INFO 7608 --- [main] o.s.w.s.handler.SimpleUrlHandlerMapping  : Mapped URL path [/**/favicon.ico] onto handler of type [class org.springframework.web.servlet.resource.ResourceHttpRequestHandler]
2018-10-18 15:20:53.426  INFO 7608 --- [main] s.w.s.m.m.a.RequestMappingHandlerAdapter : Looking for @ControllerAdvice: org.springframework.boot.web.servlet.context.AnnotationConfigServletWebServerApplicationContext@4ddced80: startup date [Thu Oct 18 15:20:50 CST 2018]; root of context hierarchy
2018-10-18 15:20:53.465  INFO 7608 --- [main] s.w.s.m.m.a.RequestMappingHandlerMapping : Mapped "{[/user/delete],methods=[POST]}" onto public com.lwt.qmqiu_sps1.bean.BaseHttpResponse<java.lang.Boolean> com.lwt.qmqiu_sps1.controller.BaseUserController.delete(java.lang.String)
2018-10-18 15:20:53.465  INFO 7608 --- [main] s.w.s.m.m.a.RequestMappingHandlerMapping : Mapped "{[/user/regist],methods=[POST]}" onto public com.lwt.qmqiu_sps1.bean.BaseHttpResponse<com.lwt.qmqiu_sps1.bean.BaseUser> com.lwt.qmqiu_sps1.controller.BaseUserController.insert(java.lang.String,java.lang.String)
2018-10-18 15:20:53.465  INFO 7608 --- [main] s.w.s.m.m.a.RequestMappingHandlerMapping : Mapped "{[/user/findbyid],methods=[GET]}" onto public com.lwt.qmqiu_sps1.bean.BaseHttpResponse<com.lwt.qmqiu_sps1.bean.BaseUser> com.lwt.qmqiu_sps1.controller.BaseUserController.findById(java.lang.String)
2018-10-18 15:20:53.466  INFO 7608 --- [main] s.w.s.m.m.a.RequestMappingHandlerMapping : Mapped "{[/user/getAll],methods=[GET]}" onto public com.lwt.qmqiu_sps1.bean.BaseHttpResponse<java.util.List<com.lwt.qmqiu_sps1.bean.BaseUser>> com.lwt.qmqiu_sps1.controller.BaseUserController.getAllUser()
2018-10-18 15:20:53.466  INFO 7608 --- [main] s.w.s.m.m.a.RequestMappingHandlerMapping : Mapped "{[/user/login],methods=[POST]}" onto public com.lwt.qmqiu_sps1.bean.BaseHttpResponse<com.lwt.qmqiu_sps1.bean.BaseUser> com.lwt.qmqiu_sps1.controller.BaseUserController.login(java.lang.String,java.lang.String,boolean)
2018-10-18 15:20:53.466  INFO 7608 --- [main] s.w.s.m.m.a.RequestMappingHandlerMapping : Mapped "{[/user/updata],methods=[POST]}" onto public com.lwt.qmqiu_sps1.bean.BaseHttpResponse<java.lang.Boolean> com.lwt.qmqiu_sps1.controller.BaseUserController.updata(java.lang.String,java.lang.String,java.lang.Integer,java.lang.Boolean)
2018-10-18 15:20:53.468  INFO 7608 --- [main] s.w.s.m.m.a.RequestMappingHandlerMapping : Mapped "{[/error]}" onto public org.springframework.http.ResponseEntity<java.util.Map<java.lang.String, java.lang.Object>> org.springframework.boot.autoconfigure.web.servlet.error.BasicErrorController.error(javax.servlet.http.HttpServletRequest)
2018-10-18 15:20:53.468  INFO 7608 --- [main] s.w.s.m.m.a.RequestMappingHandlerMapping : Mapped "{[/error],produces=[text/html]}" onto public org.springframework.web.servlet.ModelAndView org.springframework.boot.autoconfigure.web.servlet.error.BasicErrorController.errorHtml(javax.servlet.http.HttpServletRequest,javax.servlet.http.HttpServletResponse)
2018-10-18 15:20:53.497  INFO 7608 --- [main] .m.m.a.ExceptionHandlerExceptionResolver : Detected @ExceptionHandler methods in exceptionHandle
2018-10-18 15:20:53.611  INFO 7608 --- [main] o.s.w.s.s.s.ServerEndpointExporter       : Registering @ServerEndpoint class: class com.lwt.qmqiu_sps1.websocket.QMWebSocket
2018-10-18 15:20:53.617  INFO 7608 --- [main] o.s.j.e.a.AnnotationMBeanExporter        : Registering beans for JMX exposure on startup
2018-10-18 15:20:53.645  INFO 7608 --- [main] o.s.b.w.embedded.tomcat.TomcatWebServer  : Tomcat started on port(s): 9898 (http) with context path '/api'
2018-10-18 15:20:53.648  INFO 7608 --- [main] c.lwt.qmqiu_sps1.QmqiuSps1ApplicationKt  : Started QmqiuSps1ApplicationKt in 3.108 seconds (JVM running for 3.679)
2018-10-18 15:37:25.373  INFO 4220 --- [main] c.lwt.qmqiu_sps1.QmqiuSps1ApplicationKt  : Starting QmqiuSps1ApplicationKt on SKY-20180417LLT with PID 4220 (D:\qmqiu_sp_githup\out\production\classes started by Administrator in D:\qmqiu_sp_githup)
2018-10-18 15:37:25.375  INFO 4220 --- [main] c.lwt.qmqiu_sps1.QmqiuSps1ApplicationKt  : No active profile set, falling back to default profiles: default
2018-10-18 15:37:25.413  INFO 4220 --- [main] ConfigServletWebServerApplicationContext : Refreshing org.springframework.boot.web.servlet.context.AnnotationConfigServletWebServerApplicationContext@49b0b76: startup date [Thu Oct 18 15:37:25 CST 2018]; root of context hierarchy
2018-10-18 15:37:27.269  INFO 4220 --- [main] o.s.b.w.embedded.tomcat.TomcatWebServer  : Tomcat initialized with port(s): 9898 (http)
2018-10-18 15:37:27.292  INFO 4220 --- [main] o.apache.catalina.core.StandardService   : Starting service [Tomcat]
2018-10-18 15:37:27.293  INFO 4220 --- [main] org.apache.catalina.core.StandardEngine  : Starting Servlet Engine: Apache Tomcat/8.5.34
2018-10-18 15:37:27.303  INFO 4220 --- [localhost-startStop-1] o.a.catalina.core.AprLifecycleListener   : The APR based Apache Tomcat Native library which allows optimal performance in production environments was not found on the java.library.path: [C:\Program Files\Java\jdk1.8.0_171\bin;C:\Windows\Sun\Java\bin;C:\Windows\system32;C:\Windows;C:\Program Files (x86)\Common Files\Oracle\Java\javapath;C:\Windows\system32;C:\Windows;C:\Windows\System32\Wbem;C:\Windows\System32\WindowsPowerShell\v1.0\;C:\Program Files\TortoiseSVN\bin;C:\Program Files\Java\jdk1.8.0_171\bin;C:\Program Files\Java\jdk1.8.0_171\jre\bin;D:\sdk\platform-tools;C:\Program Files\dotnet\;C:\Users\Administrator\AppData\Local\Tesseract-OCR;C:\Users\Administrator\AppData\Local\Tesseract-OCR\tessdata;C:\Program Files\nodejs\;C:\Program Files (x86)\WinPcap;C:\Program Files\PuTTY\;C:\Program Files\MongoDB\Server\3.6\bin;D:\flutter_windows_v0.5.1-beta\flutter\bin;C:\Program Files\Git\cmd;C:\Users\Administrator\AppData\Local\Programs\Python\Python36\Scripts\;C:\Users\Administrator\AppData\Local\Programs\Python\Python36\;C:\Program Files\Microsoft VS Code\bin;C:\Users\Administrator\AppData\Roaming\npm;.]
2018-10-18 15:37:27.433  INFO 4220 --- [localhost-startStop-1] o.a.c.c.C.[Tomcat].[localhost].[/api]    : Initializing Spring embedded WebApplicationContext
2018-10-18 15:37:27.434  INFO 4220 --- [localhost-startStop-1] o.s.web.context.ContextLoader            : Root WebApplicationContext: initialization completed in 2021 ms
2018-10-18 15:37:27.514  INFO 4220 --- [localhost-startStop-1] o.s.b.w.servlet.ServletRegistrationBean  : Servlet dispatcherServlet mapped to [/]
2018-10-18 15:37:27.519  INFO 4220 --- [localhost-startStop-1] o.s.b.w.servlet.FilterRegistrationBean   : Mapping filter: 'characterEncodingFilter' to: [/*]
2018-10-18 15:37:27.519  INFO 4220 --- [localhost-startStop-1] o.s.b.w.servlet.FilterRegistrationBean   : Mapping filter: 'hiddenHttpMethodFilter' to: [/*]
2018-10-18 15:37:27.519  INFO 4220 --- [localhost-startStop-1] o.s.b.w.servlet.FilterRegistrationBean   : Mapping filter: 'httpPutFormContentFilter' to: [/*]
2018-10-18 15:37:27.520  INFO 4220 --- [localhost-startStop-1] o.s.b.w.servlet.FilterRegistrationBean   : Mapping filter: 'requestContextFilter' to: [/*]
2018-10-18 15:37:28.148  INFO 4220 --- [main] org.mongodb.driver.cluster               : Cluster created with settings {hosts=[127.0.0.1:27017], mode=MULTIPLE, requiredClusterType=UNKNOWN, serverSelectionTimeout='30000 ms', maxWaitQueueSize=500}
2018-10-18 15:37:28.149  INFO 4220 --- [main] org.mongodb.driver.cluster               : Adding discovered server 127.0.0.1:27017 to client view of cluster
2018-10-18 15:37:28.190  INFO 4220 --- [cluster-ClusterId{value='5bc8383878ea31107c18149f', description='null'}-127.0.0.1:27017] org.mongodb.driver.connection            : Opened connection [connectionId{localValue:1, serverValue:13}] to 127.0.0.1:27017
2018-10-18 15:37:28.193  INFO 4220 --- [cluster-ClusterId{value='5bc8383878ea31107c18149f', description='null'}-127.0.0.1:27017] org.mongodb.driver.cluster               : Monitor thread successfully connected to server with description ServerDescription{address=127.0.0.1:27017, type=STANDALONE, state=CONNECTED, ok=true, version=ServerVersion{versionList=[3, 6, 5]}, minWireVersion=0, maxWireVersion=6, maxDocumentSize=16777216, logicalSessionTimeoutMinutes=30, roundTripTimeNanos=1913963}
2018-10-18 15:37:28.194  INFO 4220 --- [cluster-ClusterId{value='5bc8383878ea31107c18149f', description='null'}-127.0.0.1:27017] org.mongodb.driver.cluster               : Discovered cluster type of STANDALONE
2018-10-18 15:37:28.519  INFO 4220 --- [main] o.s.w.s.handler.SimpleUrlHandlerMapping  : Mapped URL path [/**/favicon.ico] onto handler of type [class org.springframework.web.servlet.resource.ResourceHttpRequestHandler]
2018-10-18 15:37:28.686  INFO 4220 --- [main] s.w.s.m.m.a.RequestMappingHandlerAdapter : Looking for @ControllerAdvice: org.springframework.boot.web.servlet.context.AnnotationConfigServletWebServerApplicationContext@49b0b76: startup date [Thu Oct 18 15:37:25 CST 2018]; root of context hierarchy
2018-10-18 15:37:28.731  INFO 4220 --- [main] s.w.s.m.m.a.RequestMappingHandlerMapping : Mapped "{[/user/delete],methods=[POST]}" onto public com.lwt.qmqiu_sps1.bean.BaseHttpResponse<java.lang.Boolean> com.lwt.qmqiu_sps1.controller.BaseUserController.delete(java.lang.String)
2018-10-18 15:37:28.732  INFO 4220 --- [main] s.w.s.m.m.a.RequestMappingHandlerMapping : Mapped "{[/user/regist],methods=[POST]}" onto public com.lwt.qmqiu_sps1.bean.BaseHttpResponse<com.lwt.qmqiu_sps1.bean.BaseUser> com.lwt.qmqiu_sps1.controller.BaseUserController.insert(java.lang.String,java.lang.String)
2018-10-18 15:37:28.732  INFO 4220 --- [main] s.w.s.m.m.a.RequestMappingHandlerMapping : Mapped "{[/user/findbyid],methods=[GET]}" onto public com.lwt.qmqiu_sps1.bean.BaseHttpResponse<com.lwt.qmqiu_sps1.bean.BaseUser> com.lwt.qmqiu_sps1.controller.BaseUserController.findById(java.lang.String)
2018-10-18 15:37:28.734  INFO 4220 --- [main] s.w.s.m.m.a.RequestMappingHandlerMapping : Mapped "{[/user/getAll],methods=[GET]}" onto public com.lwt.qmqiu_sps1.bean.BaseHttpResponse<java.util.List<com.lwt.qmqiu_sps1.bean.BaseUser>> com.lwt.qmqiu_sps1.controller.BaseUserController.getAllUser()
2018-10-18 15:37:28.734  INFO 4220 --- [main] s.w.s.m.m.a.RequestMappingHandlerMapping : Mapped "{[/user/login],methods=[POST]}" onto public com.lwt.qmqiu_sps1.bean.BaseHttpResponse<com.lwt.qmqiu_sps1.bean.BaseUser> com.lwt.qmqiu_sps1.controller.BaseUserController.login(java.lang.String,java.lang.String,boolean)
2018-10-18 15:37:28.735  INFO 4220 --- [main] s.w.s.m.m.a.RequestMappingHandlerMapping : Mapped "{[/user/updata],methods=[POST]}" onto public com.lwt.qmqiu_sps1.bean.BaseHttpResponse<java.lang.Boolean> com.lwt.qmqiu_sps1.controller.BaseUserController.updata(java.lang.String,java.lang.String,java.lang.Integer,java.lang.Boolean)
2018-10-18 15:37:28.737  INFO 4220 --- [main] s.w.s.m.m.a.RequestMappingHandlerMapping : Mapped "{[/error]}" onto public org.springframework.http.ResponseEntity<java.util.Map<java.lang.String, java.lang.Object>> org.springframework.boot.autoconfigure.web.servlet.error.BasicErrorController.error(javax.servlet.http.HttpServletRequest)
2018-10-18 15:37:28.738  INFO 4220 --- [main] s.w.s.m.m.a.RequestMappingHandlerMapping : Mapped "{[/error],produces=[text/html]}" onto public org.springframework.web.servlet.ModelAndView org.springframework.boot.autoconfigure.web.servlet.error.BasicErrorController.errorHtml(javax.servlet.http.HttpServletRequest,javax.servlet.http.HttpServletResponse)
2018-10-18 15:37:28.770  INFO 4220 --- [main] .m.m.a.ExceptionHandlerExceptionResolver : Detected @ExceptionHandler methods in exceptionHandle
2018-10-18 15:37:28.900  INFO 4220 --- [main] o.s.w.s.s.s.ServerEndpointExporter       : Registering @ServerEndpoint class: class com.lwt.qmqiu_sps1.websocket.QMWebSocket
2018-10-18 15:37:28.905  INFO 4220 --- [main] o.s.j.e.a.AnnotationMBeanExporter        : Registering beans for JMX exposure on startup
2018-10-18 15:37:28.931  INFO 4220 --- [main] o.s.b.w.embedded.tomcat.TomcatWebServer  : Tomcat started on port(s): 9898 (http) with context path '/api'
2018-10-18 15:37:28.934  INFO 4220 --- [main] c.lwt.qmqiu_sps1.QmqiuSps1ApplicationKt  : Started QmqiuSps1ApplicationKt in 4.108 seconds (JVM running for 5.037)
2018-10-18 15:37:34.270  INFO 4220 --- [http-nio-9898-exec-2] o.a.c.c.C.[Tomcat].[localhost].[/api]    : Initializing Spring FrameworkServlet 'dispatcherServlet'
2018-10-18 15:37:34.270  INFO 4220 --- [http-nio-9898-exec-2] o.s.web.servlet.DispatcherServlet        : FrameworkServlet 'dispatcherServlet': initialization started
2018-10-18 15:37:34.293  INFO 4220 --- [http-nio-9898-exec-2] o.s.web.servlet.DispatcherServlet        : FrameworkServlet 'dispatcherServlet': initialization completed in 22 ms
2018-10-18 15:37:34.358  INFO 4220 --- [http-nio-9898-exec-2] org.mongodb.driver.connection            : Opened connection [connectionId{localValue:2, serverValue:14}] to 127.0.0.1:27017
2018-10-18 15:37:34.439  INFO 4220 --- [http-nio-9898-exec-2] c.l.q.controller.BaseUserController      : path:/login(更新登录时间)  name:lwt520 success:true
2018-10-18 15:37:34.439  INFO 4220 --- [http-nio-9898-exec-2] c.l.q.controller.BaseUserController      : path:/login  name:lwt520 success:true
2018-10-18 15:38:35.734  INFO 4220 --- [http-nio-9898-exec-4] c.l.q.controller.BaseUserController      : path:/regist  name:lwt521 success:true
2018-10-18 17:09:12.784  INFO 7808 --- [main] c.lwt.qmqiu_sps1.QmqiuSps1ApplicationKt  : Starting QmqiuSps1ApplicationKt on SKY-20180417LLT with PID 7808 (D:\qmqiu_sp_githup\out\production\classes started by Administrator in D:\qmqiu_sp_githup)
2018-10-18 17:09:12.787  INFO 7808 --- [main] c.lwt.qmqiu_sps1.QmqiuSps1ApplicationKt  : No active profile set, falling back to default profiles: default
2018-10-18 17:09:12.819  INFO 7808 --- [main] ConfigServletWebServerApplicationContext : Refreshing org.springframework.boot.web.servlet.context.AnnotationConfigServletWebServerApplicationContext@1c93084c: startup date [Thu Oct 18 17:09:12 CST 2018]; root of context hierarchy
2018-10-18 17:09:14.050  INFO 7808 --- [main] o.s.b.w.embedded.tomcat.TomcatWebServer  : Tomcat initialized with port(s): 9898 (http)
2018-10-18 17:09:14.066  INFO 7808 --- [main] o.apache.catalina.core.StandardService   : Starting service [Tomcat]
2018-10-18 17:09:14.066  INFO 7808 --- [main] org.apache.catalina.core.StandardEngine  : Starting Servlet Engine: Apache Tomcat/8.5.34
2018-10-18 17:09:14.069  INFO 7808 --- [localhost-startStop-1] o.a.catalina.core.AprLifecycleListener   : The APR based Apache Tomcat Native library which allows optimal performance in production environments was not found on the java.library.path: [C:\Program Files\Java\jdk1.8.0_171\bin;C:\Windows\Sun\Java\bin;C:\Windows\system32;C:\Windows;C:\Program Files (x86)\Common Files\Oracle\Java\javapath;C:\Windows\system32;C:\Windows;C:\Windows\System32\Wbem;C:\Windows\System32\WindowsPowerShell\v1.0\;C:\Program Files\TortoiseSVN\bin;C:\Program Files\Java\jdk1.8.0_171\bin;C:\Program Files\Java\jdk1.8.0_171\jre\bin;D:\sdk\platform-tools;C:\Program Files\dotnet\;C:\Users\Administrator\AppData\Local\Tesseract-OCR;C:\Users\Administrator\AppData\Local\Tesseract-OCR\tessdata;C:\Program Files\nodejs\;C:\Program Files (x86)\WinPcap;C:\Program Files\PuTTY\;C:\Program Files\MongoDB\Server\3.6\bin;D:\flutter_windows_v0.5.1-beta\flutter\bin;C:\Program Files\Git\cmd;C:\Users\Administrator\AppData\Local\Programs\Python\Python36\Scripts\;C:\Users\Administrator\AppData\Local\Programs\Python\Python36\;C:\Program Files\Microsoft VS Code\bin;C:\Users\Administrator\AppData\Roaming\npm;.]
2018-10-18 17:09:14.150  INFO 7808 --- [localhost-startStop-1] o.a.c.c.C.[Tomcat].[localhost].[/api]    : Initializing Spring embedded WebApplicationContext
2018-10-18 17:09:14.151  INFO 7808 --- [localhost-startStop-1] o.s.web.context.ContextLoader            : Root WebApplicationContext: initialization completed in 1332 ms
2018-10-18 17:09:14.200  INFO 7808 --- [localhost-startStop-1] o.s.b.w.servlet.ServletRegistrationBean  : Servlet dispatcherServlet mapped to [/]
2018-10-18 17:09:14.204  INFO 7808 --- [localhost-startStop-1] o.s.b.w.servlet.FilterRegistrationBean   : Mapping filter: 'characterEncodingFilter' to: [/*]
2018-10-18 17:09:14.204  INFO 7808 --- [localhost-startStop-1] o.s.b.w.servlet.FilterRegistrationBean   : Mapping filter: 'hiddenHttpMethodFilter' to: [/*]
2018-10-18 17:09:14.204  INFO 7808 --- [localhost-startStop-1] o.s.b.w.servlet.FilterRegistrationBean   : Mapping filter: 'httpPutFormContentFilter' to: [/*]
2018-10-18 17:09:14.204  INFO 7808 --- [localhost-startStop-1] o.s.b.w.servlet.FilterRegistrationBean   : Mapping filter: 'requestContextFilter' to: [/*]
2018-10-18 17:09:14.687  INFO 7808 --- [main] org.mongodb.driver.cluster               : Cluster created with settings {hosts=[127.0.0.1:27017], mode=MULTIPLE, requiredClusterType=UNKNOWN, serverSelectionTimeout='30000 ms', maxWaitQueueSize=500}
2018-10-18 17:09:14.687  INFO 7808 --- [main] org.mongodb.driver.cluster               : Adding discovered server 127.0.0.1:27017 to client view of cluster
2018-10-18 17:09:14.722  INFO 7808 --- [cluster-ClusterId{value='5bc84dba78ea311e8012fba8', description='null'}-127.0.0.1:27017] org.mongodb.driver.connection            : Opened connection [connectionId{localValue:1, serverValue:17}] to 127.0.0.1:27017
2018-10-18 17:09:14.725  INFO 7808 --- [cluster-ClusterId{value='5bc84dba78ea311e8012fba8', description='null'}-127.0.0.1:27017] org.mongodb.driver.cluster               : Monitor thread successfully connected to server with description ServerDescription{address=127.0.0.1:27017, type=STANDALONE, state=CONNECTED, ok=true, version=ServerVersion{versionList=[3, 6, 5]}, minWireVersion=0, maxWireVersion=6, maxDocumentSize=16777216, logicalSessionTimeoutMinutes=30, roundTripTimeNanos=1840650}
2018-10-18 17:09:14.725  INFO 7808 --- [cluster-ClusterId{value='5bc84dba78ea311e8012fba8', description='null'}-127.0.0.1:27017] org.mongodb.driver.cluster               : Discovered cluster type of STANDALONE
2018-10-18 17:09:15.036  INFO 7808 --- [main] o.s.w.s.handler.SimpleUrlHandlerMapping  : Mapped URL path [/**/favicon.ico] onto handler of type [class org.springframework.web.servlet.resource.ResourceHttpRequestHandler]
2018-10-18 17:09:15.196  INFO 7808 --- [main] s.w.s.m.m.a.RequestMappingHandlerAdapter : Looking for @ControllerAdvice: org.springframework.boot.web.servlet.context.AnnotationConfigServletWebServerApplicationContext@1c93084c: startup date [Thu Oct 18 17:09:12 CST 2018]; root of context hierarchy
2018-10-18 17:09:15.235  INFO 7808 --- [main] s.w.s.m.m.a.RequestMappingHandlerMapping : Mapped "{[/user/delete],methods=[POST]}" onto public com.lwt.qmqiu_sps1.bean.BaseHttpResponse<java.lang.Boolean> com.lwt.qmqiu_sps1.controller.BaseUserController.delete(java.lang.String)
2018-10-18 17:09:15.235  INFO 7808 --- [main] s.w.s.m.m.a.RequestMappingHandlerMapping : Mapped "{[/user/regist],methods=[POST]}" onto public com.lwt.qmqiu_sps1.bean.BaseHttpResponse<com.lwt.qmqiu_sps1.bean.BaseUser> com.lwt.qmqiu_sps1.controller.BaseUserController.insert(java.lang.String,java.lang.String)
2018-10-18 17:09:15.235  INFO 7808 --- [main] s.w.s.m.m.a.RequestMappingHandlerMapping : Mapped "{[/user/findbyid],methods=[GET]}" onto public com.lwt.qmqiu_sps1.bean.BaseHttpResponse<com.lwt.qmqiu_sps1.bean.BaseUser> com.lwt.qmqiu_sps1.controller.BaseUserController.findById(java.lang.String)
2018-10-18 17:09:15.236  INFO 7808 --- [main] s.w.s.m.m.a.RequestMappingHandlerMapping : Mapped "{[/user/getAll],methods=[GET]}" onto public com.lwt.qmqiu_sps1.bean.BaseHttpResponse<java.util.List<com.lwt.qmqiu_sps1.bean.BaseUser>> com.lwt.qmqiu_sps1.controller.BaseUserController.getAllUser()
2018-10-18 17:09:15.236  INFO 7808 --- [main] s.w.s.m.m.a.RequestMappingHandlerMapping : Mapped "{[/user/login],methods=[POST]}" onto public com.lwt.qmqiu_sps1.bean.BaseHttpResponse<com.lwt.qmqiu_sps1.bean.BaseUser> com.lwt.qmqiu_sps1.controller.BaseUserController.login(java.lang.String,java.lang.String,boolean,java.lang.String,double,double)
2018-10-18 17:09:15.236  INFO 7808 --- [main] s.w.s.m.m.a.RequestMappingHandlerMapping : Mapped "{[/user/updata],methods=[POST]}" onto public com.lwt.qmqiu_sps1.bean.BaseHttpResponse<java.lang.Boolean> com.lwt.qmqiu_sps1.controller.BaseUserController.updata(java.lang.String,java.lang.String,java.lang.Integer,java.lang.Boolean)
2018-10-18 17:09:15.239  INFO 7808 --- [main] s.w.s.m.m.a.RequestMappingHandlerMapping : Mapped "{[/error]}" onto public org.springframework.http.ResponseEntity<java.util.Map<java.lang.String, java.lang.Object>> org.springframework.boot.autoconfigure.web.servlet.error.BasicErrorController.error(javax.servlet.http.HttpServletRequest)
2018-10-18 17:09:15.239  INFO 7808 --- [main] s.w.s.m.m.a.RequestMappingHandlerMapping : Mapped "{[/error],produces=[text/html]}" onto public org.springframework.web.servlet.ModelAndView org.springframework.boot.autoconfigure.web.servlet.error.BasicErrorController.errorHtml(javax.servlet.http.HttpServletRequest,javax.servlet.http.HttpServletResponse)
2018-10-18 17:09:15.267  INFO 7808 --- [main] .m.m.a.ExceptionHandlerExceptionResolver : Detected @ExceptionHandler methods in exceptionHandle
2018-10-18 17:09:15.386  INFO 7808 --- [main] o.s.w.s.s.s.ServerEndpointExporter       : Registering @ServerEndpoint class: class com.lwt.qmqiu_sps1.websocket.QMWebSocket
2018-10-18 17:09:15.391  INFO 7808 --- [main] o.s.j.e.a.AnnotationMBeanExporter        : Registering beans for JMX exposure on startup
2018-10-18 17:09:15.416  INFO 7808 --- [main] o.s.b.w.embedded.tomcat.TomcatWebServer  : Tomcat started on port(s): 9898 (http) with context path '/api'
2018-10-18 17:09:15.419  INFO 7808 --- [main] c.lwt.qmqiu_sps1.QmqiuSps1ApplicationKt  : Started QmqiuSps1ApplicationKt in 2.955 seconds (JVM running for 3.537)
2018-10-18 17:10:09.646  INFO 7808 --- [http-nio-9898-exec-1] o.a.c.c.C.[Tomcat].[localhost].[/api]    : Initializing Spring FrameworkServlet 'dispatcherServlet'
2018-10-18 17:10:09.646  INFO 7808 --- [http-nio-9898-exec-1] o.s.web.servlet.DispatcherServlet        : FrameworkServlet 'dispatcherServlet': initialization started
2018-10-18 17:10:09.665  INFO 7808 --- [http-nio-9898-exec-1] o.s.web.servlet.DispatcherServlet        : FrameworkServlet 'dispatcherServlet': initialization completed in 18 ms
2018-10-18 17:10:09.720  INFO 7808 --- [http-nio-9898-exec-1] org.mongodb.driver.connection            : Opened connection [connectionId{localValue:2, serverValue:18}] to 127.0.0.1:27017
2018-10-18 17:10:09.812  INFO 7808 --- [http-nio-9898-exec-1] c.l.q.controller.BaseUserController      : path:/login(更新登录时间)  name:lwt520 success:true
2018-10-18 17:10:10.072  INFO 7808 --- [http-nio-9898-exec-1] c.l.q.controller.BaseUserController      : path:/login  name:lwt520 success:true
2018-10-18 17:11:09.089  INFO 7808 --- [http-nio-9898-exec-3] c.l.q.controller.BaseUserController      : path:/login(更新登录时间)  name:lwt520 success:true
2018-10-18 17:11:09.091  INFO 7808 --- [http-nio-9898-exec-3] c.l.q.controller.BaseUserController      : path:/login  name:lwt520 success:true
2018-10-18 17:11:56.731  INFO 7116 --- [main] c.lwt.qmqiu_sps1.QmqiuSps1ApplicationKt  : Starting QmqiuSps1ApplicationKt on SKY-20180417LLT with PID 7116 (D:\qmqiu_sp_githup\out\production\classes started by Administrator in D:\qmqiu_sp_githup)
2018-10-18 17:11:56.734  INFO 7116 --- [main] c.lwt.qmqiu_sps1.QmqiuSps1ApplicationKt  : No active profile set, falling back to default profiles: default
2018-10-18 17:11:56.810  INFO 7116 --- [main] ConfigServletWebServerApplicationContext : Refreshing org.springframework.boot.web.servlet.context.AnnotationConfigServletWebServerApplicationContext@bef2d72: startup date [Thu Oct 18 17:11:56 CST 2018]; root of context hierarchy
2018-10-18 17:11:58.269  INFO 7116 --- [main] o.s.b.w.embedded.tomcat.TomcatWebServer  : Tomcat initialized with port(s): 9898 (http)
2018-10-18 17:11:58.283  INFO 7116 --- [main] o.apache.catalina.core.StandardService   : Starting service [Tomcat]
2018-10-18 17:11:58.284  INFO 7116 --- [main] org.apache.catalina.core.StandardEngine  : Starting Servlet Engine: Apache Tomcat/8.5.34
2018-10-18 17:11:58.287  INFO 7116 --- [localhost-startStop-1] o.a.catalina.core.AprLifecycleListener   : The APR based Apache Tomcat Native library which allows optimal performance in production environments was not found on the java.library.path: [C:\Program Files\Java\jdk1.8.0_171\bin;C:\Windows\Sun\Java\bin;C:\Windows\system32;C:\Windows;C:\Program Files (x86)\Common Files\Oracle\Java\javapath;C:\Windows\system32;C:\Windows;C:\Windows\System32\Wbem;C:\Windows\System32\WindowsPowerShell\v1.0\;C:\Program Files\TortoiseSVN\bin;C:\Program Files\Java\jdk1.8.0_171\bin;C:\Program Files\Java\jdk1.8.0_171\jre\bin;D:\sdk\platform-tools;C:\Program Files\dotnet\;C:\Users\Administrator\AppData\Local\Tesseract-OCR;C:\Users\Administrator\AppData\Local\Tesseract-OCR\tessdata;C:\Program Files\nodejs\;C:\Program Files (x86)\WinPcap;C:\Program Files\PuTTY\;C:\Program Files\MongoDB\Server\3.6\bin;D:\flutter_windows_v0.5.1-beta\flutter\bin;C:\Program Files\Git\cmd;C:\Users\Administrator\AppData\Local\Programs\Python\Python36\Scripts\;C:\Users\Administrator\AppData\Local\Programs\Python\Python36\;C:\Program Files\Microsoft VS Code\bin;C:\Users\Administrator\AppData\Roaming\npm;.]
2018-10-18 17:11:58.373  INFO 7116 --- [localhost-startStop-1] o.a.c.c.C.[Tomcat].[localhost].[/api]    : Initializing Spring embedded WebApplicationContext
2018-10-18 17:11:58.373  INFO 7116 --- [localhost-startStop-1] o.s.web.context.ContextLoader            : Root WebApplicationContext: initialization completed in 1563 ms
2018-10-18 17:11:58.430  INFO 7116 --- [localhost-startStop-1] o.s.b.w.servlet.ServletRegistrationBean  : Servlet dispatcherServlet mapped to [/]
2018-10-18 17:11:58.433  INFO 7116 --- [localhost-startStop-1] o.s.b.w.servlet.FilterRegistrationBean   : Mapping filter: 'characterEncodingFilter' to: [/*]
2018-10-18 17:11:58.433  INFO 7116 --- [localhost-startStop-1] o.s.b.w.servlet.FilterRegistrationBean   : Mapping filter: 'hiddenHttpMethodFilter' to: [/*]
2018-10-18 17:11:58.433  INFO 7116 --- [localhost-startStop-1] o.s.b.w.servlet.FilterRegistrationBean   : Mapping filter: 'httpPutFormContentFilter' to: [/*]
2018-10-18 17:11:58.433  INFO 7116 --- [localhost-startStop-1] o.s.b.w.servlet.FilterRegistrationBean   : Mapping filter: 'requestContextFilter' to: [/*]
2018-10-18 17:11:58.975  INFO 7116 --- [main] org.mongodb.driver.cluster               : Cluster created with settings {hosts=[127.0.0.1:27017], mode=MULTIPLE, requiredClusterType=UNKNOWN, serverSelectionTimeout='30000 ms', maxWaitQueueSize=500}
2018-10-18 17:11:58.975  INFO 7116 --- [main] org.mongodb.driver.cluster               : Adding discovered server 127.0.0.1:27017 to client view of cluster
2018-10-18 17:11:59.010  INFO 7116 --- [cluster-ClusterId{value='5bc84e5e78ea311bccaad474', description='null'}-127.0.0.1:27017] org.mongodb.driver.connection            : Opened connection [connectionId{localValue:1, serverValue:27}] to 127.0.0.1:27017
2018-10-18 17:11:59.013  INFO 7116 --- [cluster-ClusterId{value='5bc84e5e78ea311bccaad474', description='null'}-127.0.0.1:27017] org.mongodb.driver.cluster               : Monitor thread successfully connected to server with description ServerDescription{address=127.0.0.1:27017, type=STANDALONE, state=CONNECTED, ok=true, version=ServerVersion{versionList=[3, 6, 5]}, minWireVersion=0, maxWireVersion=6, maxDocumentSize=16777216, logicalSessionTimeoutMinutes=30, roundTripTimeNanos=2149528}
2018-10-18 17:11:59.014  INFO 7116 --- [cluster-ClusterId{value='5bc84e5e78ea311bccaad474', description='null'}-127.0.0.1:27017] org.mongodb.driver.cluster               : Discovered cluster type of STANDALONE
2018-10-18 17:11:59.320  INFO 7116 --- [main] o.s.w.s.handler.SimpleUrlHandlerMapping  : Mapped URL path [/**/favicon.ico] onto handler of type [class org.springframework.web.servlet.resource.ResourceHttpRequestHandler]
2018-10-18 17:11:59.471  INFO 7116 --- [main] s.w.s.m.m.a.RequestMappingHandlerAdapter : Looking for @ControllerAdvice: org.springframework.boot.web.servlet.context.AnnotationConfigServletWebServerApplicationContext@bef2d72: startup date [Thu Oct 18 17:11:56 CST 2018]; root of context hierarchy
2018-10-18 17:11:59.513  INFO 7116 --- [main] s.w.s.m.m.a.RequestMappingHandlerMapping : Mapped "{[/user/delete],methods=[POST]}" onto public com.lwt.qmqiu_sps1.bean.BaseHttpResponse<java.lang.Boolean> com.lwt.qmqiu_sps1.controller.BaseUserController.delete(java.lang.String)
2018-10-18 17:11:59.513  INFO 7116 --- [main] s.w.s.m.m.a.RequestMappingHandlerMapping : Mapped "{[/user/regist],methods=[POST]}" onto public com.lwt.qmqiu_sps1.bean.BaseHttpResponse<com.lwt.qmqiu_sps1.bean.BaseUser> com.lwt.qmqiu_sps1.controller.BaseUserController.insert(java.lang.String,java.lang.String)
2018-10-18 17:11:59.513  INFO 7116 --- [main] s.w.s.m.m.a.RequestMappingHandlerMapping : Mapped "{[/user/findbyid],methods=[GET]}" onto public com.lwt.qmqiu_sps1.bean.BaseHttpResponse<com.lwt.qmqiu_sps1.bean.BaseUser> com.lwt.qmqiu_sps1.controller.BaseUserController.findById(java.lang.String)
2018-10-18 17:11:59.514  INFO 7116 --- [main] s.w.s.m.m.a.RequestMappingHandlerMapping : Mapped "{[/user/getAll],methods=[GET]}" onto public com.lwt.qmqiu_sps1.bean.BaseHttpResponse<java.util.List<com.lwt.qmqiu_sps1.bean.BaseUser>> com.lwt.qmqiu_sps1.controller.BaseUserController.getAllUser()
2018-10-18 17:11:59.514  INFO 7116 --- [main] s.w.s.m.m.a.RequestMappingHandlerMapping : Mapped "{[/user/login],methods=[POST]}" onto public com.lwt.qmqiu_sps1.bean.BaseHttpResponse<com.lwt.qmqiu_sps1.bean.BaseUser> com.lwt.qmqiu_sps1.controller.BaseUserController.login(java.lang.String,java.lang.String,boolean,java.lang.String,double,double)
2018-10-18 17:11:59.514  INFO 7116 --- [main] s.w.s.m.m.a.RequestMappingHandlerMapping : Mapped "{[/user/updata],methods=[POST]}" onto public com.lwt.qmqiu_sps1.bean.BaseHttpResponse<java.lang.Boolean> com.lwt.qmqiu_sps1.controller.BaseUserController.updata(java.lang.String,java.lang.String,java.lang.Integer,java.lang.Boolean)
2018-10-18 17:11:59.516  INFO 7116 --- [main] s.w.s.m.m.a.RequestMappingHandlerMapping : Mapped "{[/error]}" onto public org.springframework.http.ResponseEntity<java.util.Map<java.lang.String, java.lang.Object>> org.springframework.boot.autoconfigure.web.servlet.error.BasicErrorController.error(javax.servlet.http.HttpServletRequest)
2018-10-18 17:11:59.517  INFO 7116 --- [main] s.w.s.m.m.a.RequestMappingHandlerMapping : Mapped "{[/error],produces=[text/html]}" onto public org.springframework.web.servlet.ModelAndView org.springframework.boot.autoconfigure.web.servlet.error.BasicErrorController.errorHtml(javax.servlet.http.HttpServletRequest,javax.servlet.http.HttpServletResponse)
2018-10-18 17:11:59.545  INFO 7116 --- [main] .m.m.a.ExceptionHandlerExceptionResolver : Detected @ExceptionHandler methods in exceptionHandle
2018-10-18 17:11:59.677  INFO 7116 --- [main] o.s.w.s.s.s.ServerEndpointExporter       : Registering @ServerEndpoint class: class com.lwt.qmqiu_sps1.websocket.QMWebSocket
2018-10-18 17:11:59.682  INFO 7116 --- [main] o.s.j.e.a.AnnotationMBeanExporter        : Registering beans for JMX exposure on startup
2018-10-18 17:11:59.710  INFO 7116 --- [main] o.s.b.w.embedded.tomcat.TomcatWebServer  : Tomcat started on port(s): 9898 (http) with context path '/api'
2018-10-18 17:11:59.713  INFO 7116 --- [main] c.lwt.qmqiu_sps1.QmqiuSps1ApplicationKt  : Started QmqiuSps1ApplicationKt in 3.243 seconds (JVM running for 3.812)
2018-10-18 17:12:39.971  INFO 7116 --- [http-nio-9898-exec-2] o.a.c.c.C.[Tomcat].[localhost].[/api]    : Initializing Spring FrameworkServlet 'dispatcherServlet'
2018-10-18 17:12:39.971  INFO 7116 --- [http-nio-9898-exec-2] o.s.web.servlet.DispatcherServlet        : FrameworkServlet 'dispatcherServlet': initialization started
2018-10-18 17:12:39.985  INFO 7116 --- [http-nio-9898-exec-2] o.s.web.servlet.DispatcherServlet        : FrameworkServlet 'dispatcherServlet': initialization completed in 13 ms
2018-10-18 17:12:40.049  INFO 7116 --- [http-nio-9898-exec-2] org.mongodb.driver.connection            : Opened connection [connectionId{localValue:2, serverValue:28}] to 127.0.0.1:27017
2018-10-18 17:12:40.118  INFO 7116 --- [http-nio-9898-exec-2] c.l.q.controller.BaseUserController      : path:/login(更新登录时间)  name:lwt520 success:true
2018-10-18 17:12:40.130  INFO 7116 --- [http-nio-9898-exec-2] c.l.q.controller.BaseUserController      : path:/login  name:lwt520 success:true
2018-10-18 17:13:50.465  INFO 7116 --- [http-nio-9898-exec-5] c.l.q.controller.BaseUserController      : path:/login(更新登录时间)  name:lwt521 success:true
2018-10-18 17:13:50.469  INFO 7116 --- [http-nio-9898-exec-5] c.l.q.controller.BaseUserController      : path:/login  name:lwt521 success:true
2018-10-18 17:52:33.462  INFO 7116 --- [http-nio-9898-exec-7] c.l.q.controller.BaseUserController      : path:/login  name:lwt520 success:false
2018-10-18 17:53:21.547  INFO 7116 --- [http-nio-9898-exec-8] c.l.q.controller.BaseUserController      : path:/login(更新登录时间)  name:lwt520 success:true
2018-10-18 17:53:21.548  INFO 7116 --- [http-nio-9898-exec-8] c.l.q.controller.BaseUserController      : path:/login  name:lwt520 success:true
2018-10-18 17:53:48.883  INFO 7116 --- [http-nio-9898-exec-10] c.l.q.controller.BaseUserController      : path:/login(更新登录时间)  name:lwt520 success:true
2018-10-18 17:53:48.884  INFO 7116 --- [http-nio-9898-exec-10] c.l.q.controller.BaseUserController      : path:/login  name:lwt520 success:true
2018-10-18 17:54:21.473  INFO 7116 --- [http-nio-9898-exec-1] c.l.q.controller.BaseUserController      : path:/regist  name:lwt110 success:true
2018-10-18 17:54:33.939  INFO 7116 --- [http-nio-9898-exec-3] c.l.q.controller.BaseUserController      : path:/login(更新登录时间)  name:lwt110 success:true
2018-10-18 17:54:33.940  INFO 7116 --- [http-nio-9898-exec-3] c.l.q.controller.BaseUserController      : path:/login  name:lwt110 success:true
2018-10-18 17:55:21.330  INFO 7116 --- [cluster-ClusterId{value='5bc84e5e78ea311bccaad474', description='null'}-127.0.0.1:27017] org.mongodb.driver.cluster               : Exception in monitor thread while connecting to server 127.0.0.1:27017

com.mongodb.MongoSocketOpenException: Exception opening socket
	at com.mongodb.connection.SocketStream.open(SocketStream.java:62) ~[mongodb-driver-core-3.6.4.jar:na]
	at com.mongodb.connection.InternalStreamConnection.open(InternalStreamConnection.java:126) ~[mongodb-driver-core-3.6.4.jar:na]
	at com.mongodb.connection.DefaultServerMonitor$ServerMonitorRunnable.run(DefaultServerMonitor.java:128) ~[mongodb-driver-core-3.6.4.jar:na]
	at java.lang.Thread.run(Thread.java:748) [na:1.8.0_171]
Caused by: java.net.ConnectException: Connection refused: connect
	at java.net.DualStackPlainSocketImpl.waitForConnect(Native Method) ~[na:1.8.0_171]
	at java.net.DualStackPlainSocketImpl.socketConnect(DualStackPlainSocketImpl.java:85) ~[na:1.8.0_171]
	at java.net.AbstractPlainSocketImpl.doConnect(AbstractPlainSocketImpl.java:350) ~[na:1.8.0_171]
	at java.net.AbstractPlainSocketImpl.connectToAddress(AbstractPlainSocketImpl.java:206) ~[na:1.8.0_171]
	at java.net.AbstractPlainSocketImpl.connect(AbstractPlainSocketImpl.java:188) ~[na:1.8.0_171]
	at java.net.PlainSocketImpl.connect(PlainSocketImpl.java:172) ~[na:1.8.0_171]
	at java.net.SocksSocketImpl.connect(SocksSocketImpl.java:392) ~[na:1.8.0_171]
	at java.net.Socket.connect(Socket.java:589) ~[na:1.8.0_171]
	at com.mongodb.connection.SocketStreamHelper.initialize(SocketStreamHelper.java:59) ~[mongodb-driver-core-3.6.4.jar:na]
	at com.mongodb.connection.SocketStream.open(SocketStream.java:57) ~[mongodb-driver-core-3.6.4.jar:na]
	... 3 common frames omitted

